Arguments: 
  /Users/antoine/.volta/tools/image/node/16.19.0/bin/node /Users/antoine/.volta/tools/image/yarn/1.22.19/bin/yarn.js add fuse.js

PATH: 
  /Users/antoine/.volta/tools/image/yarn/1.22.19/bin:/Users/antoine/.volta/tools/image/node/16.19.0/bin:/Users/antoine/Library/pnpm:/Users/antoine/.volta/bin:/usr/local/opt/openssl@3/bin:/usr/local/sbin:/Users/antoine/.bun/bin:/opt/apache-maven-3.6.3/bin:/usr/local/bin:/System/Cryptexes/App/usr/bin:/usr/bin:/bin:/usr/sbin:/sbin:/usr/local/go/bin:/usr/local/share/dotnet:~/.dotnet/tools:/Library/Apple/usr/bin:/Library/Frameworks/Mono.framework/Versions/Current/Commands:/Users/antoine/Library/pnpm:/Users/antoine/.volta/bin:/usr/local/opt/openssl@3/bin:/usr/local/sbin:/Users/antoine/.bun/bin:/opt/apache-maven-3.6.3/bin:/Users/antoine/.cargo/bin:/Users/antoine/.fig/bin:/Users/antoine/.local/bin:/Users/antoine/.dotnet/tools:/Users/antoine/Library/Android/sdk/platform-tools:/Users/antoine/.composer/vendor/bin:/usr/local/bin:/Users/antoine/.dotnet/tools:/Users/antoine/Library/Android/sdk/platform-tools:/Users/antoine/.composer/vendor/bin

Yarn version: 
  1.22.19

Node version: 
  16.19.0

Platform: 
  darwin x64

Trace: 
  Error: ENOENT: no such file or directory, copyfile '/Users/antoine/Library/Caches/Yarn/v6/npm-glob-parent-6.0.2-6d237d99083950c79290f24c7642a3de9a28f9e3-integrity/node_modules/glob-parent/README.md' -> '/Users/antoine/Documents/www/presentation-semester/node_modules/tailwindcss/node_modules/glob-parent/README.md'

npm manifest: 
  {
  	"name": "presentation-semester",
  	"version": "0.0.1",
  	"private": true,
  	"scripts": {
  		"dev": "vite dev",
  		"build": "vite build",
  		"preview": "vite preview",
  		"check": "svelte-kit sync && svelte-check --tsconfig ./jsconfig.json",
  		"check:watch": "svelte-kit sync && svelte-check --tsconfig ./jsconfig.json --watch"
  	},
  	"devDependencies": {
  		"@sveltejs/adapter-auto": "^2.0.0",
  		"@sveltejs/kit": "^1.5.0",
  		"@tailwindcss/forms": "^0.5.3",
  		"autoprefixer": "^10.4.14",
  		"postcss": "^8.4.23",
  		"svelte": "^3.54.0",
  		"svelte-check": "^3.0.1",
  		"tailwindcss": "^3.3.2",
  		"typescript": "^5.0.0",
  		"vite": "^4.3.0"
  	},
  	"type": "module",
  	"dependencies": {
  		"zod": "^3.21.4"
  	}
  }

yarn manifest: 
  No manifest

Lockfile: 
  No lockfile
